<?xml version="1.0" encoding="UTF-8"?>
<!-- Generated by org.testng.reporters.JUnitXMLReporter -->
<testsuite hostname="qainfotech-Latitude-3490" ignored="1" name="Surefire test" tests="1" failures="0" timestamp="2021-01-11T12:40:52 IST" time="19.822" errors="0">
  <testcase name="login" time="11.708" classname="selenium.TestHealenium"/>
  <testcase name="@BeforeTest setUp" time="0.0" classname="selenium.BaseTest">
    <ignored/>
  </testcase> <!-- @BeforeTest setUp -->
</testsuite> <!-- Surefire test -->
